<?xml version="1.0" encoding="utf-8"?><TestRun id="f97581f3-f597-492b-8934-d7eb7d311e38" name="herveyw@HERVEYW-Z440 2018-10-18 12:18:22" runUser="REDMOND\herveyw" xmlns="http://microsoft.com/schemas/VisualStudio/TeamTest/2010"><Times creation="2018-10-18T12:18:22.0904688-07:00" queuing="2018-10-18T12:18:22.0904688-07:00" start="2018-10-18T12:18:20.0184550-07:00" finish="2018-10-18T12:18:23.0541827-07:00" /><TestSettings name="default" id="0c6134ec-c1da-492f-aeb9-b8e275a1a3f2"><Deployment runDeploymentRoot="herveyw_HERVEYW-Z440_2018-10-18_12_18_22" /></TestSettings><Results><UnitTestResult executionId="3a6bd9ee-b272-47a3-8543-cfbac83dadbb" testId="a168c45a-e38f-488a-b3f7-568403d3d448" testName="Microsoft.Azure.KeyVault.Jose.Tests.JweTests.KeyEncryptionMode_Explicit" computerName="HERVEYW-Z440" duration="00:00:00.0010000" startTime="2018-10-18T12:18:22.9743163-07:00" endTime="2018-10-18T12:18:22.9743186-07:00" testType="13cdc9d9-ddb5-4fa4-a97d-d965ccfc6d4b" outcome="Passed" testListId="8c84fa94-04c1-424b-9868-57a2d4851a1d" relativeResultsDirectory="3a6bd9ee-b272-47a3-8543-cfbac83dadbb" /><UnitTestResult executionId="24664d27-b8d2-4740-8602-6a30745cf20d" testId="208b0a52-0746-4039-a2d7-06458105b502" testName="Microsoft.Azure.KeyVault.Jose.Tests.JweTests.KeyEncryptionMode_Implicit" computerName="HERVEYW-Z440" duration="00:00:00.0070000" startTime="2018-10-18T12:18:22.9469891-07:00" endTime="2018-10-18T12:18:22.9469915-07:00" testType="13cdc9d9-ddb5-4fa4-a97d-d965ccfc6d4b" outcome="Passed" testListId="8c84fa94-04c1-424b-9868-57a2d4851a1d" relativeResultsDirectory="24664d27-b8d2-4740-8602-6a30745cf20d" /><UnitTestResult executionId="b3b8a126-3277-4a4a-8f05-81bc1a7994ea" testId="7ad4640c-3a5a-4de3-bcd8-d10b8810f9ae" testName="Microsoft.Azure.KeyVault.Jose.Tests.JweTests.KeyEncryptionModeCompatibility" computerName="HERVEYW-Z440" duration="00:00:00.0010000" startTime="2018-10-18T12:18:22.9635497-07:00" endTime="2018-10-18T12:18:22.9635518-07:00" testType="13cdc9d9-ddb5-4fa4-a97d-d965ccfc6d4b" outcome="Passed" testListId="8c84fa94-04c1-424b-9868-57a2d4851a1d" relativeResultsDirectory="b3b8a126-3277-4a4a-8f05-81bc1a7994ea" /><UnitTestResult executionId="3c651479-dc85-492c-a6d0-2e319bcdf3c7" testId="aeff2432-274c-4713-b660-6fedf68cb604" testName="Microsoft.Azure.KeyVault.Jose.Tests.JweTests.KeyWrappingMode_Implicit" computerName="HERVEYW-Z440" duration="00:00:00.0060000" startTime="2018-10-18T12:18:22.9711020-07:00" endTime="2018-10-18T12:18:22.9711044-07:00" testType="13cdc9d9-ddb5-4fa4-a97d-d965ccfc6d4b" outcome="Passed" testListId="8c84fa94-04c1-424b-9868-57a2d4851a1d" relativeResultsDirectory="3c651479-dc85-492c-a6d0-2e319bcdf3c7" /><UnitTestResult executionId="95e2089a-c59f-4115-8518-f04043ce0076" testId="fbf5cdae-1333-469b-bb81-b5e220731b5d" testName="Microsoft.Azure.KeyVault.Jose.Tests.JweTests.KeyVault_Jose_TestMalformedJwe" computerName="HERVEYW-Z440" duration="00:00:00.0130000" startTime="2018-10-18T12:18:22.9598205-07:00" endTime="2018-10-18T12:18:22.9598228-07:00" testType="13cdc9d9-ddb5-4fa4-a97d-d965ccfc6d4b" outcome="Passed" testListId="8c84fa94-04c1-424b-9868-57a2d4851a1d" relativeResultsDirectory="95e2089a-c59f-4115-8518-f04043ce0076" /><UnitTestResult executionId="6016f53c-52ed-4ed9-89b5-ce457431a948" testId="d141ad83-c440-4941-9621-7c496cd48580" testName="Microsoft.Azure.KeyVault.Jose.Tests.KeyVaultJweTests.KeyVault_Jose_KeyResolverRoundTrip" computerName="HERVEYW-Z440" duration="00:00:00.1070000" startTime="2018-10-18T12:18:22.9386451-07:00" endTime="2018-10-18T12:18:22.9386495-07:00" testType="13cdc9d9-ddb5-4fa4-a97d-d965ccfc6d4b" outcome="Passed" testListId="8c84fa94-04c1-424b-9868-57a2d4851a1d" relativeResultsDirectory="6016f53c-52ed-4ed9-89b5-ce457431a948" /><UnitTestResult executionId="9ff92b19-6cd2-4dae-852d-970358662621" testId="fee578a3-61f8-4224-af65-856aad0bad79" testName="Microsoft.Azure.KeyVault.Jose.Tests.JweTests.KeyWrappingMode_Explicit" computerName="HERVEYW-Z440" duration="00:00:00.0020000" startTime="2018-10-18T12:18:22.9729157-07:00" endTime="2018-10-18T12:18:22.9729180-07:00" testType="13cdc9d9-ddb5-4fa4-a97d-d965ccfc6d4b" outcome="Passed" testListId="8c84fa94-04c1-424b-9868-57a2d4851a1d" relativeResultsDirectory="9ff92b19-6cd2-4dae-852d-970358662621" /><UnitTestResult executionId="3678a643-8ff6-48b5-96cf-0dc948656de8" testId="0ac62d67-0419-4c98-93c4-74d3f74e4157" testName="Microsoft.Azure.KeyVault.Jose.Tests.JweTests.DirectMode" computerName="HERVEYW-Z440" duration="00:00:00.0020000" startTime="2018-10-18T12:18:22.9651807-07:00" endTime="2018-10-18T12:18:22.9651831-07:00" testType="13cdc9d9-ddb5-4fa4-a97d-d965ccfc6d4b" outcome="Passed" testListId="8c84fa94-04c1-424b-9868-57a2d4851a1d" relativeResultsDirectory="3678a643-8ff6-48b5-96cf-0dc948656de8" /><UnitTestResult executionId="3c25f8f3-8998-4db0-b18c-758a606b3ba6" testId="99418556-7b3a-4511-b1f3-5f04273eab26" testName="Microsoft.Azure.KeyVault.Jose.Tests.JweTests.DirectModeCompatibility" computerName="HERVEYW-Z440" duration="00:00:00.0010000" startTime="2018-10-18T12:18:22.9624920-07:00" endTime="2018-10-18T12:18:22.9624940-07:00" testType="13cdc9d9-ddb5-4fa4-a97d-d965ccfc6d4b" outcome="Passed" testListId="8c84fa94-04c1-424b-9868-57a2d4851a1d" relativeResultsDirectory="3c25f8f3-8998-4db0-b18c-758a606b3ba6" /><UnitTestResult executionId="b2e31027-ae6e-458a-8867-9b698891d939" testId="710f3c8b-9c43-43f2-a98f-9fa335d89e98" testName="Microsoft.Azure.KeyVault.Jose.Tests.CertificateJweTests.CertificateRoundTrip" computerName="HERVEYW-Z440" duration="00:00:00.0980000" startTime="2018-10-18T12:18:21.2598152-07:00" endTime="2018-10-18T12:18:21.2598249-07:00" testType="13cdc9d9-ddb5-4fa4-a97d-d965ccfc6d4b" outcome="Passed" testListId="8c84fa94-04c1-424b-9868-57a2d4851a1d" relativeResultsDirectory="b2e31027-ae6e-458a-8867-9b698891d939" /><UnitTestResult executionId="fd347e79-f74c-4ad1-bd32-7cceb9ac6722" testId="0dc52d5e-379c-4feb-8d8a-521fb5c83e1a" testName="Microsoft.Azure.KeyVault.Jose.Tests.JweTests.KeyNotFound" computerName="HERVEYW-Z440" duration="00:00:00.0020000" startTime="2018-10-18T12:18:22.9617066-07:00" endTime="2018-10-18T12:18:22.9617090-07:00" testType="13cdc9d9-ddb5-4fa4-a97d-d965ccfc6d4b" outcome="Passed" testListId="8c84fa94-04c1-424b-9868-57a2d4851a1d" relativeResultsDirectory="fd347e79-f74c-4ad1-bd32-7cceb9ac6722" /></Results><TestDefinitions><UnitTest name="Microsoft.Azure.KeyVault.Jose.Tests.KeyVaultJweTests.KeyVault_Jose_KeyResolverRoundTrip" storage="c:\git\azure-sdk-for-net\src\sdks\keyvault\dataplane\microsoft.azure.keyvault.jose.tests\bin\debug\netcoreapp2.0\microsoft.azure.keyvault.jose.tests.dll" id="d141ad83-c440-4941-9621-7c496cd48580"><Execution id="6016f53c-52ed-4ed9-89b5-ce457431a948" /><TestMethod codeBase="C:\git\azure-sdk-for-net\src\SDKs\KeyVault\dataPlane\Microsoft.Azure.KeyVault.Jose.Tests\bin\Debug\netcoreapp2.0\Microsoft.Azure.KeyVault.Jose.Tests.dll" adapterTypeName="executor://xunit/VsTestRunner2/netcoreapp" className="Microsoft.Azure.KeyVault.Jose.Tests.KeyVaultJweTests" name="Microsoft.Azure.KeyVault.Jose.Tests.KeyVaultJweTests.KeyVault_Jose_KeyResolverRoundTrip" /></UnitTest><UnitTest name="Microsoft.Azure.KeyVault.Jose.Tests.JweTests.KeyEncryptionMode_Explicit" storage="c:\git\azure-sdk-for-net\src\sdks\keyvault\dataplane\microsoft.azure.keyvault.jose.tests\bin\debug\netcoreapp2.0\microsoft.azure.keyvault.jose.tests.dll" id="a168c45a-e38f-488a-b3f7-568403d3d448"><Execution id="3a6bd9ee-b272-47a3-8543-cfbac83dadbb" /><TestMethod codeBase="C:\git\azure-sdk-for-net\src\SDKs\KeyVault\dataPlane\Microsoft.Azure.KeyVault.Jose.Tests\bin\Debug\netcoreapp2.0\Microsoft.Azure.KeyVault.Jose.Tests.dll" adapterTypeName="executor://xunit/VsTestRunner2/netcoreapp" className="Microsoft.Azure.KeyVault.Jose.Tests.JweTests" name="Microsoft.Azure.KeyVault.Jose.Tests.JweTests.KeyEncryptionMode_Explicit" /></UnitTest><UnitTest name="Microsoft.Azure.KeyVault.Jose.Tests.JweTests.KeyWrappingMode_Implicit" storage="c:\git\azure-sdk-for-net\src\sdks\keyvault\dataplane\microsoft.azure.keyvault.jose.tests\bin\debug\netcoreapp2.0\microsoft.azure.keyvault.jose.tests.dll" id="aeff2432-274c-4713-b660-6fedf68cb604"><Execution id="3c651479-dc85-492c-a6d0-2e319bcdf3c7" /><TestMethod codeBase="C:\git\azure-sdk-for-net\src\SDKs\KeyVault\dataPlane\Microsoft.Azure.KeyVault.Jose.Tests\bin\Debug\netcoreapp2.0\Microsoft.Azure.KeyVault.Jose.Tests.dll" adapterTypeName="executor://xunit/VsTestRunner2/netcoreapp" className="Microsoft.Azure.KeyVault.Jose.Tests.JweTests" name="Microsoft.Azure.KeyVault.Jose.Tests.JweTests.KeyWrappingMode_Implicit" /></UnitTest><UnitTest name="Microsoft.Azure.KeyVault.Jose.Tests.JweTests.KeyEncryptionMode_Implicit" storage="c:\git\azure-sdk-for-net\src\sdks\keyvault\dataplane\microsoft.azure.keyvault.jose.tests\bin\debug\netcoreapp2.0\microsoft.azure.keyvault.jose.tests.dll" id="208b0a52-0746-4039-a2d7-06458105b502"><Execution id="24664d27-b8d2-4740-8602-6a30745cf20d" /><TestMethod codeBase="C:\git\azure-sdk-for-net\src\SDKs\KeyVault\dataPlane\Microsoft.Azure.KeyVault.Jose.Tests\bin\Debug\netcoreapp2.0\Microsoft.Azure.KeyVault.Jose.Tests.dll" adapterTypeName="executor://xunit/VsTestRunner2/netcoreapp" className="Microsoft.Azure.KeyVault.Jose.Tests.JweTests" name="Microsoft.Azure.KeyVault.Jose.Tests.JweTests.KeyEncryptionMode_Implicit" /></UnitTest><UnitTest name="Microsoft.Azure.KeyVault.Jose.Tests.JweTests.KeyVault_Jose_TestMalformedJwe" storage="c:\git\azure-sdk-for-net\src\sdks\keyvault\dataplane\microsoft.azure.keyvault.jose.tests\bin\debug\netcoreapp2.0\microsoft.azure.keyvault.jose.tests.dll" id="fbf5cdae-1333-469b-bb81-b5e220731b5d"><Execution id="95e2089a-c59f-4115-8518-f04043ce0076" /><TestMethod codeBase="C:\git\azure-sdk-for-net\src\SDKs\KeyVault\dataPlane\Microsoft.Azure.KeyVault.Jose.Tests\bin\Debug\netcoreapp2.0\Microsoft.Azure.KeyVault.Jose.Tests.dll" adapterTypeName="executor://xunit/VsTestRunner2/netcoreapp" className="Microsoft.Azure.KeyVault.Jose.Tests.JweTests" name="Microsoft.Azure.KeyVault.Jose.Tests.JweTests.KeyVault_Jose_TestMalformedJwe" /></UnitTest><UnitTest name="Microsoft.Azure.KeyVault.Jose.Tests.JweTests.DirectModeCompatibility" storage="c:\git\azure-sdk-for-net\src\sdks\keyvault\dataplane\microsoft.azure.keyvault.jose.tests\bin\debug\netcoreapp2.0\microsoft.azure.keyvault.jose.tests.dll" id="99418556-7b3a-4511-b1f3-5f04273eab26"><Execution id="3c25f8f3-8998-4db0-b18c-758a606b3ba6" /><TestMethod codeBase="C:\git\azure-sdk-for-net\src\SDKs\KeyVault\dataPlane\Microsoft.Azure.KeyVault.Jose.Tests\bin\Debug\netcoreapp2.0\Microsoft.Azure.KeyVault.Jose.Tests.dll" adapterTypeName="executor://xunit/VsTestRunner2/netcoreapp" className="Microsoft.Azure.KeyVault.Jose.Tests.JweTests" name="Microsoft.Azure.KeyVault.Jose.Tests.JweTests.DirectModeCompatibility" /></UnitTest><UnitTest name="Microsoft.Azure.KeyVault.Jose.Tests.CertificateJweTests.CertificateRoundTrip" storage="c:\git\azure-sdk-for-net\src\sdks\keyvault\dataplane\microsoft.azure.keyvault.jose.tests\bin\debug\netcoreapp2.0\microsoft.azure.keyvault.jose.tests.dll" id="710f3c8b-9c43-43f2-a98f-9fa335d89e98"><Execution id="b2e31027-ae6e-458a-8867-9b698891d939" /><TestMethod codeBase="C:\git\azure-sdk-for-net\src\SDKs\KeyVault\dataPlane\Microsoft.Azure.KeyVault.Jose.Tests\bin\Debug\netcoreapp2.0\Microsoft.Azure.KeyVault.Jose.Tests.dll" adapterTypeName="executor://xunit/VsTestRunner2/netcoreapp" className="Microsoft.Azure.KeyVault.Jose.Tests.CertificateJweTests" name="Microsoft.Azure.KeyVault.Jose.Tests.CertificateJweTests.CertificateRoundTrip" /></UnitTest><UnitTest name="Microsoft.Azure.KeyVault.Jose.Tests.JweTests.KeyWrappingMode_Explicit" storage="c:\git\azure-sdk-for-net\src\sdks\keyvault\dataplane\microsoft.azure.keyvault.jose.tests\bin\debug\netcoreapp2.0\microsoft.azure.keyvault.jose.tests.dll" id="fee578a3-61f8-4224-af65-856aad0bad79"><Execution id="9ff92b19-6cd2-4dae-852d-970358662621" /><TestMethod codeBase="C:\git\azure-sdk-for-net\src\SDKs\KeyVault\dataPlane\Microsoft.Azure.KeyVault.Jose.Tests\bin\Debug\netcoreapp2.0\Microsoft.Azure.KeyVault.Jose.Tests.dll" adapterTypeName="executor://xunit/VsTestRunner2/netcoreapp" className="Microsoft.Azure.KeyVault.Jose.Tests.JweTests" name="Microsoft.Azure.KeyVault.Jose.Tests.JweTests.KeyWrappingMode_Explicit" /></UnitTest><UnitTest name="Microsoft.Azure.KeyVault.Jose.Tests.JweTests.KeyNotFound" storage="c:\git\azure-sdk-for-net\src\sdks\keyvault\dataplane\microsoft.azure.keyvault.jose.tests\bin\debug\netcoreapp2.0\microsoft.azure.keyvault.jose.tests.dll" id="0dc52d5e-379c-4feb-8d8a-521fb5c83e1a"><Execution id="fd347e79-f74c-4ad1-bd32-7cceb9ac6722" /><TestMethod codeBase="C:\git\azure-sdk-for-net\src\SDKs\KeyVault\dataPlane\Microsoft.Azure.KeyVault.Jose.Tests\bin\Debug\netcoreapp2.0\Microsoft.Azure.KeyVault.Jose.Tests.dll" adapterTypeName="executor://xunit/VsTestRunner2/netcoreapp" className="Microsoft.Azure.KeyVault.Jose.Tests.JweTests" name="Microsoft.Azure.KeyVault.Jose.Tests.JweTests.KeyNotFound" /></UnitTest><UnitTest name="Microsoft.Azure.KeyVault.Jose.Tests.JweTests.DirectMode" storage="c:\git\azure-sdk-for-net\src\sdks\keyvault\dataplane\microsoft.azure.keyvault.jose.tests\bin\debug\netcoreapp2.0\microsoft.azure.keyvault.jose.tests.dll" id="0ac62d67-0419-4c98-93c4-74d3f74e4157"><Execution id="3678a643-8ff6-48b5-96cf-0dc948656de8" /><TestMethod codeBase="C:\git\azure-sdk-for-net\src\SDKs\KeyVault\dataPlane\Microsoft.Azure.KeyVault.Jose.Tests\bin\Debug\netcoreapp2.0\Microsoft.Azure.KeyVault.Jose.Tests.dll" adapterTypeName="executor://xunit/VsTestRunner2/netcoreapp" className="Microsoft.Azure.KeyVault.Jose.Tests.JweTests" name="Microsoft.Azure.KeyVault.Jose.Tests.JweTests.DirectMode" /></UnitTest><UnitTest name="Microsoft.Azure.KeyVault.Jose.Tests.JweTests.KeyEncryptionModeCompatibility" storage="c:\git\azure-sdk-for-net\src\sdks\keyvault\dataplane\microsoft.azure.keyvault.jose.tests\bin\debug\netcoreapp2.0\microsoft.azure.keyvault.jose.tests.dll" id="7ad4640c-3a5a-4de3-bcd8-d10b8810f9ae"><Execution id="b3b8a126-3277-4a4a-8f05-81bc1a7994ea" /><TestMethod codeBase="C:\git\azure-sdk-for-net\src\SDKs\KeyVault\dataPlane\Microsoft.Azure.KeyVault.Jose.Tests\bin\Debug\netcoreapp2.0\Microsoft.Azure.KeyVault.Jose.Tests.dll" adapterTypeName="executor://xunit/VsTestRunner2/netcoreapp" className="Microsoft.Azure.KeyVault.Jose.Tests.JweTests" name="Microsoft.Azure.KeyVault.Jose.Tests.JweTests.KeyEncryptionModeCompatibility" /></UnitTest></TestDefinitions><TestEntries><TestEntry testId="a168c45a-e38f-488a-b3f7-568403d3d448" executionId="3a6bd9ee-b272-47a3-8543-cfbac83dadbb" testListId="8c84fa94-04c1-424b-9868-57a2d4851a1d" /><TestEntry testId="208b0a52-0746-4039-a2d7-06458105b502" executionId="24664d27-b8d2-4740-8602-6a30745cf20d" testListId="8c84fa94-04c1-424b-9868-57a2d4851a1d" /><TestEntry testId="7ad4640c-3a5a-4de3-bcd8-d10b8810f9ae" executionId="b3b8a126-3277-4a4a-8f05-81bc1a7994ea" testListId="8c84fa94-04c1-424b-9868-57a2d4851a1d" /><TestEntry testId="aeff2432-274c-4713-b660-6fedf68cb604" executionId="3c651479-dc85-492c-a6d0-2e319bcdf3c7" testListId="8c84fa94-04c1-424b-9868-57a2d4851a1d" /><TestEntry testId="fbf5cdae-1333-469b-bb81-b5e220731b5d" executionId="95e2089a-c59f-4115-8518-f04043ce0076" testListId="8c84fa94-04c1-424b-9868-57a2d4851a1d" /><TestEntry testId="d141ad83-c440-4941-9621-7c496cd48580" executionId="6016f53c-52ed-4ed9-89b5-ce457431a948" testListId="8c84fa94-04c1-424b-9868-57a2d4851a1d" /><TestEntry testId="fee578a3-61f8-4224-af65-856aad0bad79" executionId="9ff92b19-6cd2-4dae-852d-970358662621" testListId="8c84fa94-04c1-424b-9868-57a2d4851a1d" /><TestEntry testId="0ac62d67-0419-4c98-93c4-74d3f74e4157" executionId="3678a643-8ff6-48b5-96cf-0dc948656de8" testListId="8c84fa94-04c1-424b-9868-57a2d4851a1d" /><TestEntry testId="99418556-7b3a-4511-b1f3-5f04273eab26" executionId="3c25f8f3-8998-4db0-b18c-758a606b3ba6" testListId="8c84fa94-04c1-424b-9868-57a2d4851a1d" /><TestEntry testId="710f3c8b-9c43-43f2-a98f-9fa335d89e98" executionId="b2e31027-ae6e-458a-8867-9b698891d939" testListId="8c84fa94-04c1-424b-9868-57a2d4851a1d" /><TestEntry testId="0dc52d5e-379c-4feb-8d8a-521fb5c83e1a" executionId="fd347e79-f74c-4ad1-bd32-7cceb9ac6722" testListId="8c84fa94-04c1-424b-9868-57a2d4851a1d" /></TestEntries><TestLists><TestList name="Results Not in a List" id="8c84fa94-04c1-424b-9868-57a2d4851a1d" /><TestList name="All Loaded Results" id="19431567-8539-422a-85d7-44ee4e166bda" /></TestLists><ResultSummary outcome="Completed"><Counters total="11" executed="11" passed="11" failed="0" error="0" timeout="0" aborted="0" inconclusive="0" passedButRunAborted="0" notRunnable="0" notExecuted="0" disconnected="0" warning="0" completed="0" inProgress="0" pending="0" /><Output><StdOut>[xUnit.net 00:00:00.4445950]   Discovering: Microsoft.Azure.KeyVault.Jose.Tests[xUnit.net 00:00:00.4975754]   Discovered:  Microsoft.Azure.KeyVault.Jose.Tests[xUnit.net 00:00:00.5027547]   Starting:    Microsoft.Azure.KeyVault.Jose.Tests[xUnit.net 00:00:02.4239816]   Finished:    Microsoft.Azure.KeyVault.Jose.Tests</StdOut></Output></ResultSummary></TestRun>